<?xml version="1.0" encoding="UTF-8"?>
<testsuite xmlns:xsi="http://www.w3.org/2001/XMLSchema-instance" xsi:noNamespaceSchemaLocation="https://maven.apache.org/surefire/maven-surefire-plugin/xsd/surefire-test-report-3.0.xsd" version="3.0" name="com.yash.govindani.msgboard.MsgboardApplicationTests" time="2.183" tests="1" errors="0" skipped="0" failures="0">
  <properties>
[...]
</properties>
  <testcase name="contextLoads" classname="com.yash.govindani.msgboard.MsgboardApplicationTests" time="0.679">
    <system-out><![CDATA[17:52:16.640 [main] INFO org.springframework.test.context.support.AnnotationConfigContextLoaderUtils -- Could not detect default configuration classes for test class [com.yash.govindani.msgboard.MsgboardApplicationTests]: MsgboardApplicationTests does not declare any static, non-private, non-final, nested classes annotated with @Configuration.
17:52:16.722 [main] INFO org.springframework.boot.test.context.SpringBootTestContextBootstrapper -- Found @SpringBootConfiguration com.yash.govindani.msgboard.MsgboardApplication for test class com.yash.govindani.msgboard.MsgboardApplicationTests

  .   ____          _            __ _ _
 /\\ / ___'_ __ _ _(_)_ __  __ _ \ \ \ \
( ( )\___ | '_ | '_| | '_ \/ _` | \ \ \ \
 \\/  ___)| |_)| | | | | || (_| |  ) ) ) )
  '  |____| .__|_| |_|_| |_\__, | / / / /
 =========|_|==============|___/=/_/_/_/

 :: Spring Boot ::       (v3.3.8-SNAPSHOT)

2025-01-08T17:52:17.016+05:30  INFO 46920 --- [msgboard] [           main] c.y.g.msgboard.MsgboardApplicationTests  : Starting MsgboardApplicationTests using Java 21.0.5 with PID 46920 (started by yash.govindani in /Users/yash.govindani/msgboard)
2025-01-08T17:52:17.017+05:30  INFO 46920 --- [msgboard] [           main] c.y.g.msgboard.MsgboardApplicationTests  : No active profile set, falling back to 1 default profile: "default"
2025-01-08T17:52:17.907+05:30  WARN 46920 --- [msgboard] [           main] ion$DefaultTemplateResolverConfiguration : Cannot find template location: classpath:/templates/ (please add some templates, check your Thymeleaf configuration, or set spring.thymeleaf.check-template-location=false)
2025-01-08T17:52:17.965+05:30  INFO 46920 --- [msgboard] [           main] c.y.g.msgboard.MsgboardApplicationTests  : Started MsgboardApplicationTests in 1.141 seconds (process running for 1.919)
]]></system-out>
    <system-err><![CDATA[WARNING: A Java agent has been loaded dynamically (/Users/yash.govindani/.m2/repository/net/bytebuddy/byte-buddy-agent/1.14.19/byte-buddy-agent-1.14.19.jar)
WARNING: If a serviceability tool is in use, please run with -XX:+EnableDynamicAgentLoading to hide this warning
WARNING: If a serviceability tool is not in use, please run with -Djdk.instrument.traceUsage for more information
WARNING: Dynamic loading of agents will be disallowed by default in a future release
]]></system-err>
  </testcase>
</testsuite>